[2019-06-18 15:40:23.262] [exthost] [info] extension host started
[2019-06-18 15:40:23.285] [exthost] [info] ExtensionService#_doActivateExtension vscode.debug-auto-launch {"startup":true,"activationEvent":"*"}
[2019-06-18 15:40:23.285] [exthost] [info] ExtensionService#loadCommonJSModule /usr/share/code/resources/app/extensions/debug-auto-launch/dist/extension
[2019-06-18 15:40:23.291] [exthost] [info] ExtensionService#_doActivateExtension vscode.emmet {"startup":true,"activationEvent":"*"}
[2019-06-18 15:40:23.291] [exthost] [info] ExtensionService#loadCommonJSModule /usr/share/code/resources/app/extensions/emmet/dist/extension
[2019-06-18 15:40:23.353] [exthost] [info] ExtensionService#_doActivateExtension vscode.git {"startup":true,"activationEvent":"*"}
[2019-06-18 15:40:23.353] [exthost] [info] ExtensionService#loadCommonJSModule /usr/share/code/resources/app/extensions/git/dist/main
[2019-06-18 15:40:23.517] [exthost] [info] ExtensionService#_doActivateExtension vscode.merge-conflict {"startup":true,"activationEvent":"*"}
[2019-06-18 15:40:23.517] [exthost] [info] ExtensionService#loadCommonJSModule /usr/share/code/resources/app/extensions/merge-conflict/dist/extension
[2019-06-18 15:40:23.523] [exthost] [info] ExtensionService#_doActivateExtension vscode.search-rg {"startup":true,"activationEvent":"*"}
[2019-06-18 15:40:23.523] [exthost] [info] ExtensionService#loadCommonJSModule /usr/share/code/resources/app/extensions/search-rg/dist/extension
[2019-06-18 15:40:23.530] [exthost] [info] ExtensionService#_doActivateExtension CoenraadS.bracket-pair-colorizer {"startup":true,"activationEvent":"*"}
[2019-06-18 15:40:23.530] [exthost] [info] ExtensionService#loadCommonJSModule /home/tushar/.vscode/extensions/coenraads.bracket-pair-colorizer-1.0.61/out/src/extension
[2019-06-18 15:40:23.546] [exthost] [info] ExtensionService#_doActivateExtension formulahendry.terminal {"startup":true,"activationEvent":"*"}
[2019-06-18 15:40:23.546] [exthost] [info] ExtensionService#loadCommonJSModule /home/tushar/.vscode/extensions/formulahendry.terminal-0.0.10/out/src/extension
[2019-06-18 15:40:23.570] [exthost] [info] ExtensionService#_doActivateExtension HookyQR.beautify {"startup":true,"activationEvent":"*"}
[2019-06-18 15:40:23.570] [exthost] [info] ExtensionService#loadCommonJSModule /home/tushar/.vscode/extensions/hookyqr.beautify-1.5.0/extension
[2019-06-18 15:40:24.009] [exthost] [info] eager extensions activated
[2019-06-18 15:40:32.616] [exthost] [info] ExtensionService#_doActivateExtension vscode.php-language-features {"startup":false,"activationEvent":"onLanguage:php"}
[2019-06-18 15:40:32.616] [exthost] [info] ExtensionService#loadCommonJSModule /usr/share/code/resources/app/extensions/php-language-features/dist/phpMain
